<?xml version="1.0" encoding="UTF-8"?>
<!-- Generated by org.testng.reporters.JUnitReportReporter -->
<testsuite skipped="2" hostname="janjira" name="testNG.SkipDemoTest" tests="3" failures="0" timestamp="2566-03-03T20:56:22 ICT" time="0.009" errors="0">
  <testcase name="skipTest2" time="0.008" classname="testNG.SkipDemoTest">
    <skipped/>
  </testcase> <!-- skipTest2 -->
  <system-out/>
  <testcase name="skipTest3" time="0.001" classname="testNG.SkipDemoTest"/>
  <system-out/>
  <testcase name="skipTest1" classname="testNG.SkipDemoTest">
    <skipped/>
  </testcase> <!-- skipTest1 -->
  <system-out/>
</testsuite> <!-- testNG.SkipDemoTest -->
