<?xml version="1.0" encoding="UTF-8"?>
<!-- Generated by org.testng.reporters.JUnitReportReporter -->
<testsuite skipped="0" hostname="janjira" name="testNG.VerifyTitle" tests="1" failures="0" timestamp="2566-03-03T22:23:07 ICT" time="40.265" errors="0">
  <testcase name="titleTest" time="40.265" classname="testNG.VerifyTitle"/>
  <system-out/>
</testsuite> <!-- testNG.VerifyTitle -->
