<?xml version="1.0" encoding="UTF-8"?>
<!-- Generated by org.testng.reporters.JUnitReportReporter -->
<testsuite skipped="0" hostname="janjira" name="testNG.DataProviderDemo1" tests="12" failures="0" timestamp="2566-03-04T01:37:19 ICT" time="0.024" errors="0">
  <testcase name="test" time="0.001" classname="testNG.DataProviderDemo1"/>
  <system-out/>
  <testcase name="test1" time="0.002" classname="testNG.DataProviderDemo1"/>
  <system-out/>
  <testcase name="test" time="0.007" classname="testNG.DataProviderDemo1"/>
  <system-out/>
  <testcase name="test1" time="0.002" classname="testNG.DataProviderDemo1"/>
  <system-out/>
  <testcase name="test" time="0.001" classname="testNG.DataProviderDemo1"/>
  <system-out/>
  <testcase name="test" time="0.001" classname="testNG.DataProviderDemo1"/>
  <system-out/>
  <testcase name="test2" time="0.002" classname="testNG.DataProviderDemo1"/>
  <system-out/>
  <testcase name="test1" time="0.002" classname="testNG.DataProviderDemo1"/>
  <system-out/>
  <testcase name="test2" time="0.001" classname="testNG.DataProviderDemo1"/>
  <system-out/>
  <testcase name="test2" time="0.001" classname="testNG.DataProviderDemo1"/>
  <system-out/>
  <testcase name="test2" time="0.002" classname="testNG.DataProviderDemo1"/>
  <system-out/>
  <testcase name="test1" time="0.002" classname="testNG.DataProviderDemo1"/>
  <system-out/>
</testsuite> <!-- testNG.DataProviderDemo1 -->
