<?xml version="1.0" encoding="UTF-8"?>
<!-- Generated by org.testng.reporters.JUnitReportReporter -->
<testsuite hostname="janjira" failures="0" tests="3" name="testSeleniumLambda.testScenario1" time="19.428" errors="0" timestamp="2566-04-07T00:55:03 ICT" skipped="0">
  <testcase classname="testSeleniumLambda.testScenario1" name="testcase2" time="3.355"/>
  <system-out/>
  <testcase classname="testSeleniumLambda.testScenario1" name="testcase1" time="8.484"/>
  <system-out/>
  <testcase classname="testSeleniumLambda.testScenario1" name="testcase3" time="7.589"/>
  <system-out/>
</testsuite> <!-- testSeleniumLambda.testScenario1 -->
