<?xml version="1.0" encoding="UTF-8"?>
<!-- Generated by org.testng.reporters.JUnitReportReporter -->
<testsuite skipped="0" hostname="janjira" name="testNG.LoginTest" tests="3" failures="0" timestamp="2566-03-03T22:23:07 ICT" time="0.004" errors="0">
  <testcase name="loginTest" time="0.001" classname="testNG.LoginTest"/>
  <system-out/>
  <testcase name="logoutTest" time="0.002" classname="testNG.LoginTest"/>
  <system-out/>
  <testcase name="logoutTest" time="0.001" classname="testNG.LoginTest"/>
  <system-out/>
</testsuite> <!-- testNG.LoginTest -->
