<?xml version="1.0" encoding="UTF-8"?>
<!-- Generated by org.testng.reporters.JUnitReportReporter -->
<testsuite skipped="0" hostname="janjira" name="testNG.GroupDemoTest2" tests="4" failures="0" timestamp="2566-03-03T22:23:07 ICT" time="0.004" errors="0">
  <testcase name="aTest4" time="0.001" classname="testNG.GroupDemoTest2"/>
  <system-out/>
  <testcase name="aTest3" time="0.001" classname="testNG.GroupDemoTest2"/>
  <system-out/>
  <testcase name="aTest1" time="0.001" classname="testNG.GroupDemoTest2"/>
  <system-out/>
  <testcase name="aTest2" time="0.001" classname="testNG.GroupDemoTest2"/>
  <system-out/>
</testsuite> <!-- testNG.GroupDemoTest2 -->
