<?xml version="1.0" encoding="UTF-8"?>
<!-- Generated by org.testng.reporters.JUnitReportReporter -->
<testsuite skipped="0" hostname="janjira" name="testNG.DataProviderDemoTest2" tests="4" failures="0" timestamp="2566-03-04T01:16:39 ICT" time="62.016" errors="0">
  <testcase name="test" time="7.567" classname="testNG.DataProviderDemoTest2"/>
  <system-out/>
  <testcase name="test" time="12.022" classname="testNG.DataProviderDemoTest2"/>
  <system-out/>
  <testcase name="test" time="33.020" classname="testNG.DataProviderDemoTest2"/>
  <system-out/>
  <testcase name="test" time="9.407" classname="testNG.DataProviderDemoTest2"/>
  <system-out/>
</testsuite> <!-- testNG.DataProviderDemoTest2 -->
