<?xml version="1.0" encoding="UTF-8"?>
<!-- Generated by org.testng.reporters.JUnitReportReporter -->
<testsuite skipped="0" hostname="janjira" name="testNG.DataProviderDemoTest" tests="8" failures="0" timestamp="2566-03-03T23:15:14 ICT" time="0.030" errors="0">
  <testcase name="test" time="0.003" classname="testNG.DataProviderDemoTest"/>
  <system-out/>
  <testcase name="test" time="0.008" classname="testNG.DataProviderDemoTest"/>
  <system-out/>
  <testcase name="test" time="0.002" classname="testNG.DataProviderDemoTest"/>
  <system-out/>
  <testcase name="test1" time="0.004" classname="testNG.DataProviderDemoTest"/>
  <system-out/>
  <testcase name="test1" time="0.008" classname="testNG.DataProviderDemoTest"/>
  <system-out/>
  <testcase name="test1" time="0.002" classname="testNG.DataProviderDemoTest"/>
  <system-out/>
  <testcase name="test" time="0.002" classname="testNG.DataProviderDemoTest"/>
  <system-out/>
  <testcase name="test1" time="0.001" classname="testNG.DataProviderDemoTest"/>
  <system-out/>
</testsuite> <!-- testNG.DataProviderDemoTest -->
