<?xml version="1.0" encoding="UTF-8"?>
<!-- Generated by org.testng.reporters.JUnitReportReporter -->
<testsuite hostname="janjira" failures="0" tests="9" name="testSeleniumLambda.Selenium101LambdaTest" time="140.190" errors="0" timestamp="2566-04-07T17:54:38 ICT" skipped="0">
  <testcase classname="testSeleniumLambda.Selenium101LambdaTest" name="testcase1" time="6.903"/>
  <system-out/>
  <testcase classname="testSeleniumLambda.Selenium101LambdaTest" name="testcase3" time="23.253"/>
  <system-out/>
  <testcase classname="testSeleniumLambda.Selenium101LambdaTest" name="testcase1" time="11.799"/>
  <system-out/>
  <testcase classname="testSeleniumLambda.Selenium101LambdaTest" name="testcase1" time="5.848"/>
  <system-out/>
  <testcase classname="testSeleniumLambda.Selenium101LambdaTest" name="testcase3" time="32.089"/>
  <system-out/>
  <testcase classname="testSeleniumLambda.Selenium101LambdaTest" name="testcase2" time="4.398"/>
  <system-out/>
  <testcase classname="testSeleniumLambda.Selenium101LambdaTest" name="testcase2" time="28.738"/>
  <system-out/>
  <testcase classname="testSeleniumLambda.Selenium101LambdaTest" name="testcase2" time="4.179"/>
  <system-out/>
  <testcase classname="testSeleniumLambda.Selenium101LambdaTest" name="testcase3" time="22.983"/>
  <system-out/>
</testsuite> <!-- testSeleniumLambda.Selenium101LambdaTest -->
