<?xml version="1.0" encoding="UTF-8"?>
<!-- Generated by org.testng.reporters.JUnitReportReporter -->
<testsuite skipped="0" hostname="janjira" name="testNG.LoginTestDemo" tests="1" failures="0" timestamp="2566-03-04T01:58:16 ICT" time="18.082" errors="0">
  <testcase name="launchApplication" time="18.082" classname="testNG.LoginTestDemo"/>
  <system-out/>
</testsuite> <!-- testNG.LoginTestDemo -->
